Compiling and running tests...
In file included from /usr/include/features.h:502,
                 from /usr/include/x86_64-linux-gnu/c++/13/bits/os_defines.h:39,
                 from /usr/include/x86_64-linux-gnu/c++/13/bits/c++config.h:679,
                 from /usr/include/c++/13/cstddef:49,
                 from src/bootstrap/../include/string_interner.hpp:4,
                 from src/bootstrap/string_interner.cpp:1:
/usr/include/stdio.h:30:1: error: expected unqualified-id before string constant
   30 | __BEGIN_DECLS
      | ^~~~~~~~~~~~~
In file included from src/bootstrap/../include/memory.hpp:61,
                 from src/bootstrap/../include/string_interner.hpp:5:
/usr/include/c++/13/cstdio:96:1: error: expected unqualified-id before ‘namespace’
   96 | namespace std
      | ^~~~~~~~~
/usr/include/c++/13/cstdio:157:1: error: expected unqualified-id before ‘namespace’
  157 | namespace __gnu_cxx
      | ^~~~~~~~~
/usr/include/c++/13/cstdio:183:1: error: expected unqualified-id before ‘namespace’
  183 | namespace std
      | ^~~~~~~~~
src/bootstrap/../include/memory.hpp: In member function ‘void* ArenaAllocator::alloc_aligned(size_t, size_t)’:
src/bootstrap/../include/memory.hpp:63:9: error: ‘printf’ was not declared in this scope
   63 |         printf("Allocating %zu bytes with alignment %zu\\n", size, align);
      |         ^~~~~~
src/bootstrap/../include/memory.hpp:62:1: note: ‘printf’ is defined in header ‘<cstdio>’; did you forget to ‘#include <cstdio>’?
   61 | #include <cstdio> // For printf debugging
  +++ |+#include <cstdio>
   62 |     void* alloc_aligned(size_t size, size_t align) {
In file included from /usr/include/features.h:502,
                 from /usr/include/x86_64-linux-gnu/bits/libc-header-start.h:33,
                 from /usr/include/stdint.h:26,
                 from /usr/lib/gcc/x86_64-linux-gnu/13/include/stdint.h:9,
                 from src/include/common.hpp:35,
                 from src/include/source_manager.hpp:4,
                 from src/bootstrap/source_manager.cpp:1:
/usr/include/stdio.h:30:1: error: expected unqualified-id before string constant
   30 | __BEGIN_DECLS
      | ^~~~~~~~~~~~~
In file included from src/include/memory.hpp:61,
                 from src/include/source_manager.hpp:5:
/usr/include/c++/13/cstdio:96:1: error: expected unqualified-id before ‘namespace’
   96 | namespace std
      | ^~~~~~~~~
/usr/include/c++/13/cstdio:157:1: error: expected unqualified-id before ‘namespace’
  157 | namespace __gnu_cxx
      | ^~~~~~~~~
/usr/include/c++/13/cstdio:183:1: error: expected unqualified-id before ‘namespace’
  183 | namespace std
      | ^~~~~~~~~
src/include/memory.hpp: In member function ‘void* ArenaAllocator::alloc_aligned(size_t, size_t)’:
src/include/memory.hpp:63:9: error: ‘printf’ was not declared in this scope
   63 |         printf("Allocating %zu bytes with alignment %zu\\n", size, align);
      |         ^~~~~~
src/include/memory.hpp:62:1: note: ‘printf’ is defined in header ‘<cstdio>’; did you forget to ‘#include <cstdio>’?
   61 | #include <cstdio> // For printf debugging
  +++ |+#include <cstdio>
   62 |     void* alloc_aligned(size_t size, size_t align) {
In file included from /usr/include/features.h:502,
                 from /usr/include/x86_64-linux-gnu/bits/libc-header-start.h:33,
                 from /usr/include/stdint.h:26,
                 from /usr/lib/gcc/x86_64-linux-gnu/13/include/stdint.h:9,
                 from src/include/common.hpp:35,
                 from src/include/source_manager.hpp:4,
                 from src/include/error_handler.hpp:4,
                 from src/bootstrap/error_handler.cpp:1:
/usr/include/stdio.h:30:1: error: expected unqualified-id before string constant
   30 | __BEGIN_DECLS
      | ^~~~~~~~~~~~~
In file included from src/include/memory.hpp:61,
                 from src/include/source_manager.hpp:5:
/usr/include/c++/13/cstdio:96:1: error: expected unqualified-id before ‘namespace’
   96 | namespace std
      | ^~~~~~~~~
/usr/include/c++/13/cstdio:157:1: error: expected unqualified-id before ‘namespace’
  157 | namespace __gnu_cxx
      | ^~~~~~~~~
/usr/include/c++/13/cstdio:183:1: error: expected unqualified-id before ‘namespace’
  183 | namespace std
      | ^~~~~~~~~
src/include/memory.hpp: In member function ‘void* ArenaAllocator::alloc_aligned(size_t, size_t)’:
src/include/memory.hpp:63:9: error: ‘printf’ was not declared in this scope
   63 |         printf("Allocating %zu bytes with alignment %zu\\n", size, align);
      |         ^~~~~~
src/include/memory.hpp:62:1: note: ‘printf’ is defined in header ‘<cstdio>’; did you forget to ‘#include <cstdio>’?
   61 | #include <cstdio> // For printf debugging
  +++ |+#include <cstdio>
   62 |     void* alloc_aligned(size_t size, size_t align) {
In file included from /usr/include/c++/13/cstdio:42:
src/bootstrap/error_handler.cpp: In member function ‘void ErrorHandler::printErrors()’:
src/bootstrap/error_handler.cpp:144:17: error: ‘stderr’ was not declared in this scope
  144 |         fprintf(stderr, "%s:%u:%u: error: %s\n",
      |                 ^~~~~~
src/bootstrap/error_handler.cpp:58:1: note: ‘stderr’ is defined in header ‘<cstdio>’; did you forget to ‘#include <cstdio>’?
   57 | #include <cstdio> // For fprintf, stderr
  +++ |+#include <cstdio>
   58 | #endif
src/bootstrap/error_handler.cpp:144:9: error: ‘fprintf’ was not declared in this scope
  144 |         fprintf(stderr, "%s:%u:%u: error: %s\n",
      |         ^~~~~~~
In file included from /usr/include/features.h:502,
                 from /usr/include/x86_64-linux-gnu/bits/libc-header-start.h:33,
                 from /usr/include/stdint.h:26,
                 from /usr/lib/gcc/x86_64-linux-gnu/13/include/stdint.h:9,
                 from src/include/common.hpp:35,
                 from src/include/lexer.hpp:4,
                 from src/bootstrap/lexer.cpp:1:
/usr/include/stdio.h:30:1: error: expected unqualified-id before string constant
   30 | __BEGIN_DECLS
      | ^~~~~~~~~~~~~
In file included from src/include/memory.hpp:61,
                 from src/include/source_manager.hpp:5,
                 from src/include/lexer.hpp:5:
/usr/include/c++/13/cstdio:96:1: error: expected unqualified-id before ‘namespace’
   96 | namespace std
      | ^~~~~~~~~
/usr/include/c++/13/cstdio:157:1: error: expected unqualified-id before ‘namespace’
  157 | namespace __gnu_cxx
      | ^~~~~~~~~
/usr/include/c++/13/cstdio:183:1: error: expected unqualified-id before ‘namespace’
  183 | namespace std
      | ^~~~~~~~~
src/include/memory.hpp: In member function ‘void* ArenaAllocator::alloc_aligned(size_t, size_t)’:
src/include/memory.hpp:63:9: error: ‘printf’ was not declared in this scope
   63 |         printf("Allocating %zu bytes with alignment %zu\\n", size, align);
      |         ^~~~~~
src/include/memory.hpp:62:1: note: ‘printf’ is defined in header ‘<cstdio>’; did you forget to ‘#include <cstdio>’?
   61 | #include <cstdio> // For printf debugging
  +++ |+#include <cstdio>
   62 |     void* alloc_aligned(size_t size, size_t align) {
In file included from /usr/include/features.h:502,
                 from /usr/include/x86_64-linux-gnu/bits/libc-header-start.h:33,
                 from /usr/include/stdint.h:26,
                 from /usr/lib/gcc/x86_64-linux-gnu/13/include/stdint.h:9,
                 from src/include/common.hpp:35,
                 from src/include/lexer.hpp:4,
                 from src/include/parser.hpp:4,
                 from src/bootstrap/parser.cpp:1:
/usr/include/stdio.h:30:1: error: expected unqualified-id before string constant
   30 | __BEGIN_DECLS
      | ^~~~~~~~~~~~~
In file included from src/include/memory.hpp:61,
                 from src/include/source_manager.hpp:5,
                 from src/include/lexer.hpp:5:
/usr/include/c++/13/cstdio:96:1: error: expected unqualified-id before ‘namespace’
   96 | namespace std
      | ^~~~~~~~~
/usr/include/c++/13/cstdio:157:1: error: expected unqualified-id before ‘namespace’
  157 | namespace __gnu_cxx
      | ^~~~~~~~~
/usr/include/c++/13/cstdio:183:1: error: expected unqualified-id before ‘namespace’
  183 | namespace std
      | ^~~~~~~~~
src/include/memory.hpp: In member function ‘void* ArenaAllocator::alloc_aligned(size_t, size_t)’:
src/include/memory.hpp:63:9: error: ‘printf’ was not declared in this scope
   63 |         printf("Allocating %zu bytes with alignment %zu\\n", size, align);
      |         ^~~~~~
src/include/memory.hpp:62:1: note: ‘printf’ is defined in header ‘<cstdio>’; did you forget to ‘#include <cstdio>’?
   61 | #include <cstdio> // For printf debugging
  +++ |+#include <cstdio>
   62 |     void* alloc_aligned(size_t size, size_t align) {
In file included from /usr/include/features.h:502,
                 from /usr/include/x86_64-linux-gnu/bits/libc-header-start.h:33,
                 from /usr/include/stdint.h:26,
                 from /usr/lib/gcc/x86_64-linux-gnu/13/include/stdint.h:9,
                 from src/include/common.hpp:35,
                 from src/include/symbol_table.hpp:4,
                 from src/bootstrap/symbol_table.cpp:1:
/usr/include/stdio.h:30:1: error: expected unqualified-id before string constant
   30 | __BEGIN_DECLS
      | ^~~~~~~~~~~~~
In file included from src/include/memory.hpp:61,
                 from src/include/source_manager.hpp:5,
                 from src/include/lexer.hpp:5,
                 from src/include/ast.hpp:5,
                 from src/include/symbol_table.hpp:5:
/usr/include/c++/13/cstdio:96:1: error: expected unqualified-id before ‘namespace’
   96 | namespace std
      | ^~~~~~~~~
/usr/include/c++/13/cstdio:157:1: error: expected unqualified-id before ‘namespace’
  157 | namespace __gnu_cxx
      | ^~~~~~~~~
/usr/include/c++/13/cstdio:183:1: error: expected unqualified-id before ‘namespace’
  183 | namespace std
      | ^~~~~~~~~
src/include/memory.hpp: In member function ‘void* ArenaAllocator::alloc_aligned(size_t, size_t)’:
src/include/memory.hpp:63:9: error: ‘printf’ was not declared in this scope
   63 |         printf("Allocating %zu bytes with alignment %zu\\n", size, align);
      |         ^~~~~~
src/include/memory.hpp:62:1: note: ‘printf’ is defined in header ‘<cstdio>’; did you forget to ‘#include <cstdio>’?
   61 | #include <cstdio> // For printf debugging
  +++ |+#include <cstdio>
   62 |     void* alloc_aligned(size_t size, size_t align) {
In file included from /usr/include/features.h:502,
                 from /usr/include/x86_64-linux-gnu/c++/13/bits/os_defines.h:39,
                 from /usr/include/x86_64-linux-gnu/c++/13/bits/c++config.h:679,
                 from /usr/include/c++/13/cstddef:49,
                 from src/include/type_system.hpp:4,
                 from src/bootstrap/type_system.cpp:1:
/usr/include/stdio.h:30:1: error: expected unqualified-id before string constant
   30 | __BEGIN_DECLS
      | ^~~~~~~~~~~~~
In file included from src/include/memory.hpp:61,
                 from src/include/type_system.hpp:5:
/usr/include/c++/13/cstdio:96:1: error: expected unqualified-id before ‘namespace’
   96 | namespace std
      | ^~~~~~~~~
/usr/include/c++/13/cstdio:157:1: error: expected unqualified-id before ‘namespace’
  157 | namespace __gnu_cxx
      | ^~~~~~~~~
/usr/include/c++/13/cstdio:183:1: error: expected unqualified-id before ‘namespace’
  183 | namespace std
      | ^~~~~~~~~
src/include/memory.hpp: In member function ‘void* ArenaAllocator::alloc_aligned(size_t, size_t)’:
src/include/memory.hpp:63:9: error: ‘printf’ was not declared in this scope
   63 |         printf("Allocating %zu bytes with alignment %zu\\n", size, align);
      |         ^~~~~~
src/include/memory.hpp:62:1: note: ‘printf’ is defined in header ‘<cstdio>’; did you forget to ‘#include <cstdio>’?
   61 | #include <cstdio> // For printf debugging
  +++ |+#include <cstdio>
   62 |     void* alloc_aligned(size_t size, size_t align) {
src/bootstrap/type_system.cpp: In function ‘void typeToString(Type*, char*, size_t)’:
src/bootstrap/type_system.cpp:91:9: error: ‘snprintf’ was not declared in this scope
   91 |         snprintf(buffer, buffer_size, "(null)");
      |         ^~~~~~~~
src/bootstrap/type_system.cpp:5:1: note: ‘snprintf’ is defined in header ‘<cstdio>’; did you forget to ‘#include <cstdio>’?
    4 | #include <cstring> // For strcmp
  +++ |+#include <cstdio>
    5 |
src/bootstrap/type_system.cpp:115:17: error: ‘snprintf’ was not declared in this scope
  115 |                 snprintf(buffer, buffer_size, "*const %s", base_name);
      |                 ^~~~~~~~
src/bootstrap/type_system.cpp:115:17: note: ‘snprintf’ is defined in header ‘<cstdio>’; did you forget to ‘#include <cstdio>’?
src/bootstrap/type_system.cpp:117:17: error: ‘snprintf’ was not declared in this scope
  117 |                 snprintf(buffer, buffer_size, "*%s", base_name);
      |                 ^~~~~~~~
src/bootstrap/type_system.cpp:117:17: note: ‘snprintf’ is defined in header ‘<cstdio>’; did you forget to ‘#include <cstdio>’?
src/bootstrap/type_system.cpp:124:13: error: ‘snprintf’ was not declared in this scope
  124 |             snprintf(buffer, buffer_size, "[%llu]%s", (unsigned long long)type->as.array.size, element_type_str);
      |             ^~~~~~~~
src/bootstrap/type_system.cpp:124:13: note: ‘snprintf’ is defined in header ‘<cstdio>’; did you forget to ‘#include <cstdio>’?
src/bootstrap/type_system.cpp:131:29: error: ‘snprintf’ was not declared in this scope
  131 |             size_t offset = snprintf(buffer, buffer_size, "fn(");
      |                             ^~~~~~~~
src/bootstrap/type_system.cpp:131:29: note: ‘snprintf’ is defined in header ‘<cstdio>’; did you forget to ‘#include <cstdio>’?
src/bootstrap/type_system.cpp:158:5: error: ‘snprintf’ was not declared in this scope
  158 |     snprintf(buffer, buffer_size, "%s", primitive_name);
      |     ^~~~~~~~
src/bootstrap/type_system.cpp:158:5: note: ‘snprintf’ is defined in header ‘<cstdio>’; did you forget to ‘#include <cstdio>’?
In file included from /usr/include/features.h:502,
                 from /usr/include/x86_64-linux-gnu/bits/libc-header-start.h:33,
                 from /usr/include/stdint.h:26,
                 from /usr/lib/gcc/x86_64-linux-gnu/13/include/stdint.h:9,
                 from src/include/common.hpp:35,
                 from src/include/ast.hpp:4,
                 from src/include/type_checker.hpp:4,
                 from src/bootstrap/type_checker.cpp:1:
/usr/include/stdio.h:30:1: error: expected unqualified-id before string constant
   30 | __BEGIN_DECLS
      | ^~~~~~~~~~~~~
In file included from src/include/memory.hpp:61,
                 from src/include/source_manager.hpp:5,
                 from src/include/lexer.hpp:5,
                 from src/include/ast.hpp:5:
/usr/include/c++/13/cstdio:96:1: error: expected unqualified-id before ‘namespace’
   96 | namespace std
      | ^~~~~~~~~
/usr/include/c++/13/cstdio:157:1: error: expected unqualified-id before ‘namespace’
  157 | namespace __gnu_cxx
      | ^~~~~~~~~
/usr/include/c++/13/cstdio:183:1: error: expected unqualified-id before ‘namespace’
  183 | namespace std
      | ^~~~~~~~~
src/include/memory.hpp: In member function ‘void* ArenaAllocator::alloc_aligned(size_t, size_t)’:
src/include/memory.hpp:63:9: error: ‘printf’ was not declared in this scope
   63 |         printf("Allocating %zu bytes with alignment %zu\\n", size, align);
      |         ^~~~~~
src/include/memory.hpp:62:1: note: ‘printf’ is defined in header ‘<cstdio>’; did you forget to ‘#include <cstdio>’?
   61 | #include <cstdio> // For printf debugging
  +++ |+#include <cstdio>
   62 |     void* alloc_aligned(size_t size, size_t align) {
src/bootstrap/type_checker.cpp: In member function ‘Type* TypeChecker::checkBinaryOperation(Type*, Type*, TokenType, SourceLocation)’:
src/bootstrap/type_checker.cpp:233:21: error: ‘snprintf’ was not declared in this scope
  233 |                     snprintf(msg_buffer, sizeof(msg_buffer), "arithmetic operation '%s' requires operands of the same type. Got '%s' and '%s'.",
      |                     ^~~~~~~~
src/bootstrap/type_checker.cpp:7:1: note: ‘snprintf’ is defined in header ‘<cstdio>’; did you forget to ‘#include <cstdio>’?
    6 | #include <cstdlib> // For abort()
  +++ |+#include <cstdio>
    7 |
src/bootstrap/type_checker.cpp:246:13: error: ‘snprintf’ was not declared in this scope
  246 |             snprintf(msg_buffer, sizeof(msg_buffer), "invalid operands for arithmetic operator '%s': '%s' and '%s'",
      |             ^~~~~~~~
src/bootstrap/type_checker.cpp:246:13: note: ‘snprintf’ is defined in header ‘<cstdio>’; did you forget to ‘#include <cstdio>’?
src/bootstrap/type_checker.cpp:270:21: error: ‘snprintf’ was not declared in this scope
  270 |                     snprintf(msg_buffer, sizeof(msg_buffer), "comparison operation '%s' requires operands of the same type. Got '%s' and '%s'.",
      |                     ^~~~~~~~
src/bootstrap/type_checker.cpp:270:21: note: ‘snprintf’ is defined in header ‘<cstdio>’; did you forget to ‘#include <cstdio>’?
src/bootstrap/type_checker.cpp:310:17: error: ‘snprintf’ was not declared in this scope
  310 |                 snprintf(msg_buffer, sizeof(msg_buffer), "invalid operands for comparison operator '%s': '%s' and '%s'",
      |                 ^~~~~~~~
src/bootstrap/type_checker.cpp:310:17: note: ‘snprintf’ is defined in header ‘<cstdio>’; did you forget to ‘#include <cstdio>’?
src/bootstrap/type_checker.cpp:336:25: error: ‘snprintf’ was not declared in this scope
  336 |                         snprintf(msg_buffer, sizeof(msg_buffer), "bitwise shift operation '%s' requires operands of the same type. Got '%s' and '%s'.",
      |                         ^~~~~~~~
src/bootstrap/type_checker.cpp:336:25: note: ‘snprintf’ is defined in header ‘<cstdio>’; did you forget to ‘#include <cstdio>’?
src/bootstrap/type_checker.cpp:351:25: error: ‘snprintf’ was not declared in this scope
  351 |                         snprintf(msg_buffer, sizeof(msg_buffer), "bitwise operation '%s' requires operands of the same type. Got '%s' and '%s'.",
      |                         ^~~~~~~~
src/bootstrap/type_checker.cpp:351:25: note: ‘snprintf’ is defined in header ‘<cstdio>’; did you forget to ‘#include <cstdio>’?
src/bootstrap/type_checker.cpp:363:17: error: ‘snprintf’ was not declared in this scope
  363 |                 snprintf(msg_buffer, sizeof(msg_buffer), "invalid operands for bitwise operator '%s': '%s' and '%s'. Operands must be integer types.",
      |                 ^~~~~~~~
src/bootstrap/type_checker.cpp:363:17: note: ‘snprintf’ is defined in header ‘<cstdio>’; did you forget to ‘#include <cstdio>’?
src/bootstrap/type_checker.cpp:383:17: error: ‘snprintf’ was not declared in this scope
  383 |                 snprintf(msg_buffer, sizeof(msg_buffer), "invalid operands for logical operator '%s': '%s' and '%s'. Operands must be bool types.",
      |                 ^~~~~~~~
src/bootstrap/type_checker.cpp:383:17: note: ‘snprintf’ is defined in header ‘<cstdio>’; did you forget to ‘#include <cstdio>’?
src/bootstrap/type_checker.cpp:392:13: error: ‘snprintf’ was not declared in this scope
  392 |             snprintf(msg_buffer, sizeof(msg_buffer), "Unsupported binary operator in type checker: %s", getTokenSpelling(op));
      |             ^~~~~~~~
src/bootstrap/type_checker.cpp:392:13: note: ‘snprintf’ is defined in header ‘<cstdio>’; did you forget to ‘#include <cstdio>’?
src/bootstrap/type_checker.cpp: In member function ‘Type* TypeChecker::visitFunctionCall(ASTFunctionCallNode*)’:
src/bootstrap/type_checker.cpp:421:9: error: ‘snprintf’ was not declared in this scope
  421 |         snprintf(msg_buffer, sizeof(msg_buffer), "wrong number of arguments to function call, expected %lu, got %lu",
      |         ^~~~~~~~
src/bootstrap/type_checker.cpp:421:9: note: ‘snprintf’ is defined in header ‘<cstdio>’; did you forget to ‘#include <cstdio>’?
src/bootstrap/type_checker.cpp:443:13: error: ‘snprintf’ was not declared in this scope
  443 |             snprintf(msg_buffer, sizeof(msg_buffer), "incompatible argument type for argument %lu, expected '%s', got '%s'",
      |             ^~~~~~~~
src/bootstrap/type_checker.cpp:443:13: note: ‘snprintf’ is defined in header ‘<cstdio>’; did you forget to ‘#include <cstdio>’?
src/bootstrap/type_checker.cpp: In member function ‘Type* TypeChecker::visitAssignment(ASTAssignmentNode*)’:
src/bootstrap/type_checker.cpp:483:9: error: ‘snprintf’ was not declared in this scope
  483 |         snprintf(msg_buffer, sizeof(msg_buffer), "incompatible types in assignment, cannot assign '%s' to '%s'", rtype_str, ltype_str);
      |         ^~~~~~~~
src/bootstrap/type_checker.cpp:483:9: note: ‘snprintf’ is defined in header ‘<cstdio>’; did you forget to ‘#include <cstdio>’?
src/bootstrap/type_checker.cpp: In member function ‘Type* TypeChecker::visitCompoundAssignment(ASTCompoundAssignmentNode*)’:
src/bootstrap/type_checker.cpp:545:9: error: ‘snprintf’ was not declared in this scope
  545 |         snprintf(msg_buffer, sizeof(msg_buffer), "result of operator '%s' is '%s', which cannot be assigned to type '%s'",
      |         ^~~~~~~~
src/bootstrap/type_checker.cpp:545:9: note: ‘snprintf’ is defined in header ‘<cstdio>’; did you forget to ‘#include <cstdio>’?
src/bootstrap/type_checker.cpp: In member function ‘Type* TypeChecker::visitVarDecl(ASTVarDeclNode*)’:
src/bootstrap/type_checker.cpp:772:9: error: ‘snprintf’ was not declared in this scope
  772 |         snprintf(msg_buffer, sizeof(msg_buffer), "cannot assign type '%s' to variable of type '%s'",
      |         ^~~~~~~~
src/bootstrap/type_checker.cpp:772:9: note: ‘snprintf’ is defined in header ‘<cstdio>’; did you forget to ‘#include <cstdio>’?
src/bootstrap/type_checker.cpp: In member function ‘Type* TypeChecker::visitTypeName(ASTNode*, ASTTypeNameNode*)’:
src/bootstrap/type_checker.cpp:946:9: error: ‘snprintf’ was not declared in this scope
  946 |         snprintf(msg_buffer, sizeof(msg_buffer), "use of undeclared type '%s'", node->name);
      |         ^~~~~~~~
src/bootstrap/type_checker.cpp:946:9: note: ‘snprintf’ is defined in header ‘<cstdio>’; did you forget to ‘#include <cstdio>’?
src/bootstrap/type_checker.cpp: In member function ‘void TypeChecker::fatalError(SourceLocation, const char*)’:
src/bootstrap/type_checker.cpp:1139:5: error: ‘snprintf’ was not declared in this scope
 1139 |     snprintf(buffer, sizeof(buffer), "Fatal type error at %s:%d:%d: %s\n",
      |     ^~~~~~~~
src/bootstrap/type_checker.cpp:1139:5: note: ‘snprintf’ is defined in header ‘<cstdio>’; did you forget to ‘#include <cstdio>’?
In file included from /usr/include/c++/13/cstdio:42:
src/bootstrap/type_checker.cpp:1148:13: error: ‘stderr’ was not declared in this scope
 1148 |     fprintf(stderr, "%s", buffer);
      |             ^~~~~~
src/bootstrap/type_checker.cpp:1148:13: note: ‘stderr’ is defined in header ‘<cstdio>’; did you forget to ‘#include <cstdio>’?
src/bootstrap/type_checker.cpp:1148:5: error: ‘fprintf’ was not declared in this scope
 1148 |     fprintf(stderr, "%s", buffer);
      |     ^~~~~~~
src/bootstrap/type_checker.cpp: In member function ‘void TypeChecker::validateStructOrUnionFields(ASTNode*)’:
src/bootstrap/type_checker.cpp:1216:13: error: ‘snprintf’ was not declared in this scope
 1216 |             snprintf(msg_buffer, sizeof(msg_buffer), "%s field type is not C89 compatible.", container_type_str);
      |             ^~~~~~~~
src/bootstrap/type_checker.cpp:1216:13: note: ‘snprintf’ is defined in header ‘<cstdio>’; did you forget to ‘#include <cstdio>’?
In file included from /usr/include/features.h:502,
                 from /usr/include/x86_64-linux-gnu/bits/libc-header-start.h:33,
                 from /usr/include/stdint.h:26,
                 from /usr/lib/gcc/x86_64-linux-gnu/13/include/stdint.h:9,
                 from src/include/common.hpp:35,
                 from src/include/token_supplier.hpp:4,
                 from src/bootstrap/token_supplier.cpp:1:
/usr/include/stdio.h:30:1: error: expected unqualified-id before string constant
   30 | __BEGIN_DECLS
      | ^~~~~~~~~~~~~
In file included from src/include/memory.hpp:61,
                 from src/include/token_supplier.hpp:5:
/usr/include/c++/13/cstdio:96:1: error: expected unqualified-id before ‘namespace’
   96 | namespace std
      | ^~~~~~~~~
/usr/include/c++/13/cstdio:157:1: error: expected unqualified-id before ‘namespace’
  157 | namespace __gnu_cxx
      | ^~~~~~~~~
/usr/include/c++/13/cstdio:183:1: error: expected unqualified-id before ‘namespace’
  183 | namespace std
      | ^~~~~~~~~
src/include/memory.hpp: In member function ‘void* ArenaAllocator::alloc_aligned(size_t, size_t)’:
src/include/memory.hpp:63:9: error: ‘printf’ was not declared in this scope
   63 |         printf("Allocating %zu bytes with alignment %zu\\n", size, align);
      |         ^~~~~~
src/include/memory.hpp:62:1: note: ‘printf’ is defined in header ‘<cstdio>’; did you forget to ‘#include <cstdio>’?
   61 | #include <cstdio> // For printf debugging
  +++ |+#include <cstdio>
   62 |     void* alloc_aligned(size_t size, size_t align) {
In file included from /usr/include/features.h:502,
                 from /usr/include/x86_64-linux-gnu/bits/libc-header-start.h:33,
                 from /usr/include/stdint.h:26,
                 from /usr/lib/gcc/x86_64-linux-gnu/13/include/stdint.h:9,
                 from src/include/common.hpp:35,
                 from src/include/compilation_unit.hpp:4,
                 from src/bootstrap/compilation_unit.cpp:1:
/usr/include/stdio.h:30:1: error: expected unqualified-id before string constant
   30 | __BEGIN_DECLS
      | ^~~~~~~~~~~~~
In file included from src/include/memory.hpp:61,
                 from src/include/compilation_unit.hpp:5:
/usr/include/c++/13/cstdio:96:1: error: expected unqualified-id before ‘namespace’
   96 | namespace std
      | ^~~~~~~~~
/usr/include/c++/13/cstdio:157:1: error: expected unqualified-id before ‘namespace’
  157 | namespace __gnu_cxx
      | ^~~~~~~~~
/usr/include/c++/13/cstdio:183:1: error: expected unqualified-id before ‘namespace’
  183 | namespace std
      | ^~~~~~~~~
src/include/memory.hpp: In member function ‘void* ArenaAllocator::alloc_aligned(size_t, size_t)’:
src/include/memory.hpp:63:9: error: ‘printf’ was not declared in this scope
   63 |         printf("Allocating %zu bytes with alignment %zu\\n", size, align);
      |         ^~~~~~
src/include/memory.hpp:62:1: note: ‘printf’ is defined in header ‘<cstdio>’; did you forget to ‘#include <cstdio>’?
   61 | #include <cstdio> // For printf debugging
  +++ |+#include <cstdio>
   62 |     void* alloc_aligned(size_t size, size_t align) {
In file included from /usr/include/features.h:502,
                 from /usr/include/x86_64-linux-gnu/bits/libc-header-start.h:33,
                 from /usr/include/stdint.h:26,
                 from /usr/lib/gcc/x86_64-linux-gnu/13/include/stdint.h:9,
                 from src/include/common.hpp:35,
                 from src/include/ast.hpp:4,
                 from tests/test_ast_async.cpp:1:
/usr/include/stdio.h:30:1: error: expected unqualified-id before string constant
   30 | __BEGIN_DECLS
      | ^~~~~~~~~~~~~
In file included from src/include/memory.hpp:61,
                 from src/include/source_manager.hpp:5,
                 from src/include/lexer.hpp:5,
                 from src/include/ast.hpp:5:
/usr/include/c++/13/cstdio:96:1: error: expected unqualified-id before ‘namespace’
   96 | namespace std
      | ^~~~~~~~~
/usr/include/c++/13/cstdio:157:1: error: expected unqualified-id before ‘namespace’
  157 | namespace __gnu_cxx
      | ^~~~~~~~~
/usr/include/c++/13/cstdio:183:1: error: expected unqualified-id before ‘namespace’
  183 | namespace std
      | ^~~~~~~~~
src/include/memory.hpp: In member function ‘void* ArenaAllocator::alloc_aligned(size_t, size_t)’:
src/include/memory.hpp:63:9: error: ‘printf’ was not declared in this scope
   63 |         printf("Allocating %zu bytes with alignment %zu\\n", size, align);
      |         ^~~~~~
src/include/memory.hpp:62:1: note: ‘printf’ is defined in header ‘<cstdio>’; did you forget to ‘#include <cstdio>’?
   61 | #include <cstdio> // For printf debugging
  +++ |+#include <cstdio>
   62 |     void* alloc_aligned(size_t size, size_t align) {
In file included from tests/test_ast_async.cpp:2:
tests/test_ast_async.cpp: In function ‘bool test_ASTNode_Async()’:
src/include/test_framework.hpp:27:9: error: ‘printf’ was not declared in this scope
   27 |         printf("FAIL: %s at %s:%d\n", #condition, __FILE__, __LINE__); \
      |         ^~~~~~
tests/test_ast_async.cpp:27:5: note: in expansion of macro ‘ASSERT_TRUE’
   27 |     ASSERT_TRUE(node1.type == NODE_ASYNC_EXPR);
      |     ^~~~~~~~~~~
tests/test_ast_async.cpp:3:1: note: ‘printf’ is defined in header ‘<cstdio>’; did you forget to ‘#include <cstdio>’?
    2 | #include "test_framework.hpp"
  +++ |+#include <cstdio>
    3 |
src/include/test_framework.hpp:27:9: error: ‘printf’ was not declared in this scope
   27 |         printf("FAIL: %s at %s:%d\n", #condition, __FILE__, __LINE__); \
      |         ^~~~~~
tests/test_ast_async.cpp:28:5: note: in expansion of macro ‘ASSERT_TRUE’
   28 |     ASSERT_TRUE(node2.type == NODE_AWAIT_EXPR);
      |     ^~~~~~~~~~~
src/include/test_framework.hpp:27:9: note: ‘printf’ is defined in header ‘<cstdio>’; did you forget to ‘#include <cstdio>’?
   27 |         printf("FAIL: %s at %s:%d\n", #condition, __FILE__, __LINE__); \
      |         ^~~~~~
tests/test_ast_async.cpp:28:5: note: in expansion of macro ‘ASSERT_TRUE’
   28 |     ASSERT_TRUE(node2.type == NODE_AWAIT_EXPR);
      |     ^~~~~~~~~~~
src/include/test_framework.hpp:27:9: error: ‘printf’ was not declared in this scope
   27 |         printf("FAIL: %s at %s:%d\n", #condition, __FILE__, __LINE__); \
      |         ^~~~~~
tests/test_ast_async.cpp:29:5: note: in expansion of macro ‘ASSERT_TRUE’
   29 |     ASSERT_TRUE(node1.as.async_expr.expression == NULL);
      |     ^~~~~~~~~~~
src/include/test_framework.hpp:27:9: note: ‘printf’ is defined in header ‘<cstdio>’; did you forget to ‘#include <cstdio>’?
   27 |         printf("FAIL: %s at %s:%d\n", #condition, __FILE__, __LINE__); \
      |         ^~~~~~
tests/test_ast_async.cpp:29:5: note: in expansion of macro ‘ASSERT_TRUE’
   29 |     ASSERT_TRUE(node1.as.async_expr.expression == NULL);
      |     ^~~~~~~~~~~
src/include/test_framework.hpp:27:9: error: ‘printf’ was not declared in this scope
   27 |         printf("FAIL: %s at %s:%d\n", #condition, __FILE__, __LINE__); \
      |         ^~~~~~
tests/test_ast_async.cpp:30:5: note: in expansion of macro ‘ASSERT_TRUE’
   30 |     ASSERT_TRUE(node2.as.await_expr.expression == NULL);
      |     ^~~~~~~~~~~
src/include/test_framework.hpp:27:9: note: ‘printf’ is defined in header ‘<cstdio>’; did you forget to ‘#include <cstdio>’?
   27 |         printf("FAIL: %s at %s:%d\n", #condition, __FILE__, __LINE__); \
      |         ^~~~~~
tests/test_ast_async.cpp:30:5: note: in expansion of macro ‘ASSERT_TRUE’
   30 |     ASSERT_TRUE(node2.as.await_expr.expression == NULL);
      |     ^~~~~~~~~~~
In file included from /usr/include/features.h:502,
                 from /usr/include/x86_64-linux-gnu/bits/libc-header-start.h:33,
                 from /usr/include/stdint.h:26,
                 from /usr/lib/gcc/x86_64-linux-gnu/13/include/stdint.h:9,
                 from src/include/common.hpp:35,
                 from src/include/ast.hpp:4,
                 from tests/test_ast_comptime.cpp:1:
/usr/include/stdio.h:30:1: error: expected unqualified-id before string constant
   30 | __BEGIN_DECLS
      | ^~~~~~~~~~~~~
In file included from src/include/memory.hpp:61,
                 from src/include/source_manager.hpp:5,
                 from src/include/lexer.hpp:5,
                 from src/include/ast.hpp:5:
/usr/include/c++/13/cstdio:96:1: error: expected unqualified-id before ‘namespace’
   96 | namespace std
      | ^~~~~~~~~
/usr/include/c++/13/cstdio:157:1: error: expected unqualified-id before ‘namespace’
  157 | namespace __gnu_cxx
      | ^~~~~~~~~
/usr/include/c++/13/cstdio:183:1: error: expected unqualified-id before ‘namespace’
  183 | namespace std
      | ^~~~~~~~~
src/include/memory.hpp: In member function ‘void* ArenaAllocator::alloc_aligned(size_t, size_t)’:
src/include/memory.hpp:63:9: error: ‘printf’ was not declared in this scope
   63 |         printf("Allocating %zu bytes with alignment %zu\\n", size, align);
      |         ^~~~~~
src/include/memory.hpp:62:1: note: ‘printf’ is defined in header ‘<cstdio>’; did you forget to ‘#include <cstdio>’?
   61 | #include <cstdio> // For printf debugging
  +++ |+#include <cstdio>
   62 |     void* alloc_aligned(size_t size, size_t align) {
In file included from tests/test_ast_comptime.cpp:2:
tests/test_ast_comptime.cpp: In function ‘bool test_ASTNode_Comptime()’:
src/include/test_framework.hpp:58:9: error: ‘printf’ was not declared in this scope
   58 |         printf("FAIL: Expected %s but got %s at %s:%d\n", #expected, #actual, __FILE__, __LINE__); \
      |         ^~~~~~
tests/test_ast_comptime.cpp:14:5: note: in expansion of macro ‘ASSERT_EQ’
   14 |     ASSERT_EQ(node->type, NODE_COMPTIME_BLOCK);
      |     ^~~~~~~~~
tests/test_ast_comptime.cpp:3:1: note: ‘printf’ is defined in header ‘<cstdio>’; did you forget to ‘#include <cstdio>’?
    2 | #include "test_framework.hpp"
  +++ |+#include <cstdio>
    3 |
src/include/test_framework.hpp:27:9: error: ‘printf’ was not declared in this scope
   27 |         printf("FAIL: %s at %s:%d\n", #condition, __FILE__, __LINE__); \
      |         ^~~~~~
tests/test_ast_comptime.cpp:15:5: note: in expansion of macro ‘ASSERT_TRUE’
   15 |     ASSERT_TRUE(node->as.comptime_block.expression == NULL);
      |     ^~~~~~~~~~~
src/include/test_framework.hpp:27:9: note: ‘printf’ is defined in header ‘<cstdio>’; did you forget to ‘#include <cstdio>’?
   27 |         printf("FAIL: %s at %s:%d\n", #condition, __FILE__, __LINE__); \
      |         ^~~~~~
tests/test_ast_comptime.cpp:15:5: note: in expansion of macro ‘ASSERT_TRUE’
   15 |     ASSERT_TRUE(node->as.comptime_block.expression == NULL);
      |     ^~~~~~~~~~~
In file included from /usr/include/features.h:502,
                 from /usr/include/x86_64-linux-gnu/bits/libc-header-start.h:33,
                 from /usr/include/stdint.h:26,
                 from /usr/lib/gcc/x86_64-linux-gnu/13/include/stdint.h:9,
                 from src/include/common.hpp:35,
                 from src/include/source_manager.hpp:4,
                 from src/include/error_handler.hpp:4,
                 from tests/test_error_handler.cpp:1:
/usr/include/stdio.h:30:1: error: expected unqualified-id before string constant
   30 | __BEGIN_DECLS
      | ^~~~~~~~~~~~~
In file included from src/include/memory.hpp:61,
                 from src/include/source_manager.hpp:5:
/usr/include/c++/13/cstdio:96:1: error: expected unqualified-id before ‘namespace’
   96 | namespace std
      | ^~~~~~~~~
/usr/include/c++/13/cstdio:157:1: error: expected unqualified-id before ‘namespace’
  157 | namespace __gnu_cxx
      | ^~~~~~~~~
/usr/include/c++/13/cstdio:183:1: error: expected unqualified-id before ‘namespace’
  183 | namespace std
      | ^~~~~~~~~
src/include/memory.hpp: In member function ‘void* ArenaAllocator::alloc_aligned(size_t, size_t)’:
src/include/memory.hpp:63:9: error: ‘printf’ was not declared in this scope
   63 |         printf("Allocating %zu bytes with alignment %zu\\n", size, align);
      |         ^~~~~~
src/include/memory.hpp:62:1: note: ‘printf’ is defined in header ‘<cstdio>’; did you forget to ‘#include <cstdio>’?
   61 | #include <cstdio> // For printf debugging
  +++ |+#include <cstdio>
   62 |     void* alloc_aligned(size_t size, size_t align) {
In file included from /usr/include/wchar.h:53,
                 from /usr/include/c++/13/cwchar:44,
                 from /usr/include/c++/13/bits/postypes.h:40,
                 from /usr/include/c++/13/iosfwd:42,
                 from /usr/include/c++/13/ios:40,
                 from /usr/include/c++/13/ostream:40,
                 from /usr/include/c++/13/iostream:41,
                 from tests/test_error_handler.cpp:5:
/usr/include/x86_64-linux-gnu/bits/types/mbstate_t.h: At global scope:
/usr/include/x86_64-linux-gnu/bits/types/mbstate_t.h:6:9: error: ‘__mbstate_t’ does not name a type
    6 | typedef __mbstate_t mbstate_t;
      |         ^~~~~~~~~~~
/usr/include/wchar.h:317:27: error: ‘mbstate_t’ does not name a type
  317 | extern int mbsinit (const mbstate_t *__ps) __THROW __attribute_pure__;
      |                           ^~~~~~~~~
/usr/include/wchar.h:323:24: error: ‘mbstate_t’ has not been declared
  323 |                        mbstate_t *__restrict __p) __THROW;
      |                        ^~~~~~~~~
/usr/include/wchar.h:327:24: error: ‘mbstate_t’ has not been declared
  327 |                        mbstate_t *__restrict __ps) __THROW;
      |                        ^~~~~~~~~
/usr/include/wchar.h:331:25: error: ‘mbstate_t’ has not been declared
  331 |                         mbstate_t *__restrict __ps) __THROW;
      |                         ^~~~~~~~~
/usr/include/wchar.h:333:23: error: ‘mbstate_t’ has not been declared
  333 |                       mbstate_t *__restrict __ps) __THROW;
      |                       ^~~~~~~~~
/usr/include/wchar.h:364:26: error: ‘mbstate_t’ has not been declared
  364 |                          mbstate_t *__restrict __ps) __THROW;
      |                          ^~~~~~~~~
/usr/include/wchar.h:370:26: error: ‘mbstate_t’ has not been declared
  370 |                          mbstate_t *__restrict __ps) __THROW;
      |                          ^~~~~~~~~
/usr/include/wchar.h:378:41: error: ‘mbstate_t’ has not been declared
  378 |                           size_t __len, mbstate_t *__restrict __ps) __THROW;
      |                                         ^~~~~~~~~
/usr/include/wchar.h:385:27: error: ‘mbstate_t’ has not been declared
  385 |                           mbstate_t *__restrict __ps) __THROW;
      |                           ^~~~~~~~~
/usr/include/wchar.h:718:8: error: ‘__FILE’ does not name a type; did you mean ‘__FILE__’?
  718 | extern __FILE *open_wmemstream (wchar_t **__bufloc, size_t *__sizeloc) __THROW
      |        ^~~~~~
      |        __FILE__
/usr/include/wchar.h:725:19: error: ‘__FILE’ was not declared in this scope; did you mean ‘__FILE__’?
  725 | extern int fwide (__FILE *__fp, int __mode) __THROW;
      |                   ^~~~~~
      |                   __FILE__
/usr/include/wchar.h:725:27: error: ‘__fp’ was not declared in this scope
  725 | extern int fwide (__FILE *__fp, int __mode) __THROW;
      |                           ^~~~
/usr/include/wchar.h:725:33: error: expected primary-expression before ‘int’
  725 | extern int fwide (__FILE *__fp, int __mode) __THROW;
      |                                 ^~~
/usr/include/wchar.h:725:43: error: expression list treated as compound expression in initializer [-fpermissive]
  725 | extern int fwide (__FILE *__fp, int __mode) __THROW;
      |                                           ^
/usr/include/wchar.h:732:22: error: ‘__FILE’ was not declared in this scope; did you mean ‘__FILE__’?
  732 | extern int fwprintf (__FILE *__restrict __stream,
      |                      ^~~~~~
      |                      __FILE__
/usr/include/wchar.h:732:30: error: expected primary-expression before ‘__restrict’
  732 | extern int fwprintf (__FILE *__restrict __stream,
      |                              ^~~~~~~~~~
/usr/include/wchar.h:733:22: error: expected primary-expression before ‘const’
  733 |                      const wchar_t *__restrict __format, ...)
      |                      ^~~~~
/usr/include/wchar.h:733:58: error: expected primary-expression before ‘...’ token
  733 |                      const wchar_t *__restrict __format, ...)
      |                                                          ^~~
/usr/include/wchar.h:733:61: error: expression list treated as compound expression in initializer [-fpermissive]
  733 |                      const wchar_t *__restrict __format, ...)
      |                                                             ^
/usr/include/wchar.h:750:23: error: ‘__FILE’ was not declared in this scope; did you mean ‘__FILE__’?
  750 | extern int vfwprintf (__FILE *__restrict __s,
      |                       ^~~~~~
      |                       __FILE__
/usr/include/wchar.h:750:31: error: expected primary-expression before ‘__restrict’
  750 | extern int vfwprintf (__FILE *__restrict __s,
      |                               ^~~~~~~~~~
/usr/include/wchar.h:751:23: error: expected primary-expression before ‘const’
  751 |                       const wchar_t *__restrict __format,
      |                       ^~~~~
/usr/include/wchar.h:752:23: error: ‘__gnuc_va_list’ was not declared in this scope
  752 |                       __gnuc_va_list __arg)
      |                       ^~~~~~~~~~~~~~
/usr/include/wchar.h:752:43: error: expression list treated as compound expression in initializer [-fpermissive]
  752 |                       __gnuc_va_list __arg)
      |                                           ^
/usr/include/wchar.h:759:22: error: ‘__gnuc_va_list’ has not been declared
  759 |                      __gnuc_va_list __arg)
      |                      ^~~~~~~~~~~~~~
/usr/include/wchar.h:765:23: error: ‘__gnuc_va_list’ has not been declared
  765 |                       __gnuc_va_list __arg)
      |                       ^~~~~~~~~~~~~~
/usr/include/wchar.h:773:21: error: ‘__FILE’ was not declared in this scope; did you mean ‘__FILE__’?
  773 | extern int fwscanf (__FILE *__restrict __stream,
      |                     ^~~~~~
      |                     __FILE__
/usr/include/wchar.h:773:29: error: expected primary-expression before ‘__restrict’
  773 | extern int fwscanf (__FILE *__restrict __stream,
      |                             ^~~~~~~~~~
/usr/include/wchar.h:774:21: error: expected primary-expression before ‘const’
  774 |                     const wchar_t *__restrict __format, ...)
      |                     ^~~~~
/usr/include/wchar.h:774:57: error: expected primary-expression before ‘...’ token
  774 |                     const wchar_t *__restrict __format, ...)
      |                                                         ^~~
/usr/include/wchar.h:774:60: error: expression list treated as compound expression in initializer [-fpermissive]
  774 |                     const wchar_t *__restrict __format, ...)
      |                                                            ^
/usr/include/wchar.h:851:22: error: ‘__FILE’ was not declared in this scope; did you mean ‘__FILE__’?
  851 | extern int vfwscanf (__FILE *__restrict __s,
      |                      ^~~~~~
      |                      __FILE__
/usr/include/wchar.h:851:30: error: expected primary-expression before ‘__restrict’
  851 | extern int vfwscanf (__FILE *__restrict __s,
      |                              ^~~~~~~~~~
/usr/include/wchar.h:852:22: error: expected primary-expression before ‘const’
  852 |                      const wchar_t *__restrict __format,
      |                      ^~~~~
/usr/include/wchar.h:853:22: error: ‘__gnuc_va_list’ was not declared in this scope
  853 |                      __gnuc_va_list __arg)
      |                      ^~~~~~~~~~~~~~
/usr/include/wchar.h:853:42: error: expression list treated as compound expression in initializer [-fpermissive]
  853 |                      __gnuc_va_list __arg)
      |                                          ^
/usr/include/wchar.h:860:21: error: ‘__gnuc_va_list’ has not been declared
  860 |                     __gnuc_va_list __arg)
      |                     ^~~~~~~~~~~~~~
/usr/include/wchar.h:865:22: error: ‘__gnuc_va_list’ has not been declared
  865 |                      __gnuc_va_list __arg)
      |                      ^~~~~~~~~~~~~~
/usr/include/wchar.h:935:23: error: ‘__FILE’ was not declared in this scope; did you mean ‘__FILE__’?
  935 | extern wint_t fgetwc (__FILE *__stream);
      |                       ^~~~~~
      |                       __FILE__
/usr/include/wchar.h:935:31: error: ‘__stream’ was not declared in this scope
  935 | extern wint_t fgetwc (__FILE *__stream);
      |                               ^~~~~~~~
/usr/include/wchar.h:936:22: error: ‘__FILE’ was not declared in this scope; did you mean ‘__FILE__’?
  936 | extern wint_t getwc (__FILE *__stream);
      |                      ^~~~~~
      |                      __FILE__
/usr/include/wchar.h:936:30: error: ‘__stream’ was not declared in this scope
  936 | extern wint_t getwc (__FILE *__stream);
      |                              ^~~~~~~~
/usr/include/wchar.h:949:37: error: ‘__FILE’ has not been declared
  949 | extern wint_t fputwc (wchar_t __wc, __FILE *__stream);
      |                                     ^~~~~~
/usr/include/wchar.h:950:36: error: ‘__FILE’ has not been declared
  950 | extern wint_t putwc (wchar_t __wc, __FILE *__stream);
      |                                    ^~~~~~
/usr/include/wchar.h:965:25: error: ‘__FILE’ has not been declared
  965 |                         __FILE *__restrict __stream);
      |                         ^~~~~~
/usr/include/wchar.h:972:20: error: ‘__FILE’ has not been declared
  972 |                    __FILE *__restrict __stream);
      |                    ^~~~~~
/usr/include/wchar.h:979:37: error: ‘__FILE’ has not been declared
  979 | extern wint_t ungetwc (wint_t __wc, __FILE *__stream);
      |                                     ^~~~~~
/usr/include/wchar.h:990:31: error: ‘__FILE’ was not declared in this scope; did you mean ‘__FILE__’?
  990 | extern wint_t getwc_unlocked (__FILE *__stream);
      |                               ^~~~~~
      |                               __FILE__
/usr/include/wchar.h:990:39: error: ‘__stream’ was not declared in this scope
  990 | extern wint_t getwc_unlocked (__FILE *__stream);
      |                                       ^~~~~~~~
/usr/include/wchar.h:999:32: error: ‘__FILE’ was not declared in this scope; did you mean ‘__FILE__’?
  999 | extern wint_t fgetwc_unlocked (__FILE *__stream);
      |                                ^~~~~~
      |                                __FILE__
/usr/include/wchar.h:999:40: error: ‘__stream’ was not declared in this scope
  999 | extern wint_t fgetwc_unlocked (__FILE *__stream);
      |                                        ^~~~~~~~
/usr/include/wchar.h:1007:46: error: ‘__FILE’ has not been declared
 1007 | extern wint_t fputwc_unlocked (wchar_t __wc, __FILE *__stream);
      |                                              ^~~~~~
/usr/include/wchar.h:1016:45: error: ‘__FILE’ has not been declared
 1016 | extern wint_t putwc_unlocked (wchar_t __wc, __FILE *__stream);
      |                                             ^~~~~~
/usr/include/wchar.h:1027:34: error: ‘__FILE’ has not been declared
 1027 |                                  __FILE *__restrict __stream);
      |                                  ^~~~~~
/usr/include/wchar.h:1036:29: error: ‘__FILE’ has not been declared
 1036 |                             __FILE *__restrict __stream);
      |                             ^~~~~~
/usr/include/c++/13/cwchar:64:11: error: ‘mbstate_t’ has not been declared in ‘::’
   64 |   using ::mbstate_t;
      |           ^~~~~~~~~
/usr/include/c++/13/bits/postypes.h:204:16: error: ‘mbstate_t’ was not declared in this scope
  204 |   typedef fpos<mbstate_t> streampos;
      |                ^~~~~~~~~
/usr/include/c++/13/bits/postypes.h:204:25: error: template argument 1 is invalid
  204 |   typedef fpos<mbstate_t> streampos;
      |                         ^
/usr/include/c++/13/bits/postypes.h:206:16: error: ‘mbstate_t’ was not declared in this scope
  206 |   typedef fpos<mbstate_t> wstreampos;
      |                ^~~~~~~~~
/usr/include/c++/13/bits/postypes.h:206:25: error: template argument 1 is invalid
  206 |   typedef fpos<mbstate_t> wstreampos;
      |                         ^
In file included from /usr/include/c++/13/ios:42:
/usr/include/c++/13/bits/char_traits.h:90:20: error: ‘mbstate_t’ in namespace ‘std’ does not name a type
   90 |       typedef std::mbstate_t  state_type;
      |                    ^~~~~~~~~
/usr/include/c++/13/bits/char_traits.h:344:15: error: ‘mbstate_t’ does not name a type
  344 |       typedef mbstate_t         state_type;
      |               ^~~~~~~~~
/usr/include/c++/13/bits/char_traits.h:486:15: error: ‘mbstate_t’ does not name a type
  486 |       typedef mbstate_t         state_type;
      |               ^~~~~~~~~
In file included from /usr/include/c++/13/ios:43:
/usr/include/c++/13/bits/localefwd.h:139:40: error: ‘mbstate_t’ was not declared in this scope
  139 |   template<> class codecvt<char, char, mbstate_t>;
      |                                        ^~~~~~~~~
/usr/include/c++/13/bits/localefwd.h:139:49: error: template argument 3 is invalid
  139 |   template<> class codecvt<char, char, mbstate_t>;
      |                                                 ^
/usr/include/c++/13/bits/localefwd.h:141:43: error: ‘mbstate_t’ was not declared in this scope
  141 |   template<> class codecvt<wchar_t, char, mbstate_t>;
      |                                           ^~~~~~~~~
/usr/include/c++/13/bits/localefwd.h:141:52: error: template argument 3 is invalid
  141 |   template<> class codecvt<wchar_t, char, mbstate_t>;
      |                                                    ^
In file included from /usr/include/c++/13/bits/locale_classes.h:869,
                 from /usr/include/c++/13/bits/ios_base.h:41,
                 from /usr/include/c++/13/ios:44:
/usr/include/c++/13/bits/locale_classes.tcc: In function ‘const _Facet* std::__try_use_facet(const locale&)’:
/usr/include/c++/13/bits/locale_classes.tcc:106:7: error: ‘mbstate_t’ was not declared in this scope
  106 |       _GLIBCXX_STD_FACET(codecvt<char, char, mbstate_t>);
      |       ^~~~~~~~~~~~~~~~~~
/usr/include/c++/13/bits/locale_classes.tcc:106:7: error: template argument 3 is invalid
  106 |       _GLIBCXX_STD_FACET(codecvt<char, char, mbstate_t>);
      |       ^~~~~~~~~~~~~~~~~~
/usr/include/c++/13/bits/locale_classes.tcc:106:7: error: expected primary-expression before ‘)’ token
  106 |       _GLIBCXX_STD_FACET(codecvt<char, char, mbstate_t>);
      |       ^~~~~~~~~~~~~~~~~~
/usr/include/c++/13/bits/locale_classes.tcc:121:7: error: ‘mbstate_t’ was not declared in this scope
  121 |       _GLIBCXX_STD_FACET(codecvt<wchar_t, char, mbstate_t>);
      |       ^~~~~~~~~~~~~~~~~~
/usr/include/c++/13/bits/locale_classes.tcc:121:7: error: template argument 3 is invalid
  121 |       _GLIBCXX_STD_FACET(codecvt<wchar_t, char, mbstate_t>);
      |       ^~~~~~~~~~~~~~~~~~
/usr/include/c++/13/bits/locale_classes.tcc:121:7: error: expected primary-expression before ‘)’ token
  121 |       _GLIBCXX_STD_FACET(codecvt<wchar_t, char, mbstate_t>);
      |       ^~~~~~~~~~~~~~~~~~
In file included from /usr/include/c++/13/cstdio:42:
tests/test_error_handler.cpp: In function ‘bool test_print_error_report()’:
tests/test_error_handler.cpp:13:17: error: ‘stderr’ was not declared in this scope
   13 |         fprintf(stderr, "Assertion failed: expected \\n'%s'\\n, but got \\n'%s'\\n. At %s:%d\\n", \
      |                 ^~~~~~
tests/test_error_handler.cpp:55:5: note: in expansion of macro ‘ASSERT_EQ’
   55 |     ASSERT_EQ(expected_output, actual_output);
      |     ^~~~~~~~~
tests/test_error_handler.cpp:9:1: note: ‘stderr’ is defined in header ‘<cstdio>’; did you forget to ‘#include <cstdio>’?
    8 | #include <cstring>
  +++ |+#include <cstdio>
    9 |
tests/test_error_handler.cpp:13:9: error: ‘fprintf’ was not declared in this scope; did you mean ‘wprintf’?
   13 |         fprintf(stderr, "Assertion failed: expected \\n'%s'\\n, but got \\n'%s'\\n. At %s:%d\\n", \
      |         ^~~~~~~
tests/test_error_handler.cpp:55:5: note: in expansion of macro ‘ASSERT_EQ’
   55 |     ASSERT_EQ(expected_output, actual_output);
      |     ^~~~~~~~~
In file included from /usr/include/features.h:502,
                 from /usr/include/x86_64-linux-gnu/bits/libc-header-start.h:33,
                 from /usr/include/stdint.h:26,
                 from /usr/lib/gcc/x86_64-linux-gnu/13/include/stdint.h:9,
                 from src/include/common.hpp:35,
                 from src/include/lexer.hpp:4,
                 from src/include/parser.hpp:4,
                 from tests/test_utils.hpp:4,
                 from tests/test_lexer_decimal_float.cpp:1:
/usr/include/stdio.h:30:1: error: expected unqualified-id before string constant
   30 | __BEGIN_DECLS
      | ^~~~~~~~~~~~~
In file included from src/include/memory.hpp:61,
                 from src/include/source_manager.hpp:5,
                 from src/include/lexer.hpp:5:
/usr/include/c++/13/cstdio:96:1: error: expected unqualified-id before ‘namespace’
   96 | namespace std
      | ^~~~~~~~~
/usr/include/c++/13/cstdio:157:1: error: expected unqualified-id before ‘namespace’
  157 | namespace __gnu_cxx
      | ^~~~~~~~~
/usr/include/c++/13/cstdio:183:1: error: expected unqualified-id before ‘namespace’
  183 | namespace std
      | ^~~~~~~~~
src/include/memory.hpp: In member function ‘void* ArenaAllocator::alloc_aligned(size_t, size_t)’:
src/include/memory.hpp:63:9: error: ‘printf’ was not declared in this scope
   63 |         printf("Allocating %zu bytes with alignment %zu\\n", size, align);
      |         ^~~~~~
src/include/memory.hpp:62:1: note: ‘printf’ is defined in header ‘<cstdio>’; did you forget to ‘#include <cstdio>’?
   61 | #include <cstdio> // For printf debugging
  +++ |+#include <cstdio>
   62 |     void* alloc_aligned(size_t size, size_t align) {
In file included from tests/test_lexer_decimal_float.cpp:6:
tests/test_lexer_decimal_float.cpp: In function ‘bool test_float_lexing(const char*, double)’:
src/include/test_framework.hpp:27:9: error: ‘printf’ was not declared in this scope
   27 |         printf("FAIL: %s at %s:%d\n", #condition, __FILE__, __LINE__); \
      |         ^~~~~~
tests/test_lexer_decimal_float.cpp:17:5: note: in expansion of macro ‘ASSERT_TRUE’
   17 |     ASSERT_TRUE(token.type == TOKEN_FLOAT_LITERAL);
      |     ^~~~~~~~~~~
tests/test_lexer_decimal_float.cpp:8:1: note: ‘printf’ is defined in header ‘<cstdio>’; did you forget to ‘#include <cstdio>’?
    7 | #include <cmath>
  +++ |+#include <cstdio>
    8 |
src/include/test_framework.hpp:27:9: error: ‘printf’ was not declared in this scope
   27 |         printf("FAIL: %s at %s:%d\n", #condition, __FILE__, __LINE__); \
      |         ^~~~~~
tests/test_lexer_decimal_float.cpp:19:5: note: in expansion of macro ‘ASSERT_TRUE’
   19 |     ASSERT_TRUE(fabs(token.value.floating_point - expected_value) < 1e-9);
      |     ^~~~~~~~~~~
src/include/test_framework.hpp:27:9: note: ‘printf’ is defined in header ‘<cstdio>’; did you forget to ‘#include <cstdio>’?
   27 |         printf("FAIL: %s at %s:%d\n", #condition, __FILE__, __LINE__); \
      |         ^~~~~~
tests/test_lexer_decimal_float.cpp:19:5: note: in expansion of macro ‘ASSERT_TRUE’
   19 |     ASSERT_TRUE(fabs(token.value.floating_point - expected_value) < 1e-9);
      |     ^~~~~~~~~~~
In file included from /usr/include/features.h:502,
                 from /usr/include/x86_64-linux-gnu/bits/libc-header-start.h:33,
                 from /usr/include/stdint.h:26,
                 from /usr/lib/gcc/x86_64-linux-gnu/13/include/stdint.h:9,
                 from src/include/common.hpp:35,
                 from src/include/lexer.hpp:4,
                 from src/include/parser.hpp:4,
                 from tests/test_utils.hpp:4,
                 from tests/test_parser_bug.cpp:1:
/usr/include/stdio.h:30:1: error: expected unqualified-id before string constant
   30 | __BEGIN_DECLS
      | ^~~~~~~~~~~~~
In file included from src/include/memory.hpp:61,
                 from src/include/source_manager.hpp:5,
                 from src/include/lexer.hpp:5:
/usr/include/c++/13/cstdio:96:1: error: expected unqualified-id before ‘namespace’
   96 | namespace std
      | ^~~~~~~~~
/usr/include/c++/13/cstdio:157:1: error: expected unqualified-id before ‘namespace’
  157 | namespace __gnu_cxx
      | ^~~~~~~~~
/usr/include/c++/13/cstdio:183:1: error: expected unqualified-id before ‘namespace’
  183 | namespace std
      | ^~~~~~~~~
src/include/memory.hpp: In member function ‘void* ArenaAllocator::alloc_aligned(size_t, size_t)’:
src/include/memory.hpp:63:9: error: ‘printf’ was not declared in this scope
   63 |         printf("Allocating %zu bytes with alignment %zu\\n", size, align);
      |         ^~~~~~
src/include/memory.hpp:62:1: note: ‘printf’ is defined in header ‘<cstdio>’; did you forget to ‘#include <cstdio>’?
   61 | #include <cstdio> // For printf debugging
  +++ |+#include <cstdio>
   62 |     void* alloc_aligned(size_t size, size_t align) {
In file included from tests/test_parser_bug.cpp:2:
tests/test_parser_bug.cpp: In function ‘bool test_ParserBug_LogicalOperatorSymbol()’:
src/include/test_framework.hpp:27:9: error: ‘printf’ was not declared in this scope
   27 |         printf("FAIL: %s at %s:%d\n", #condition, __FILE__, __LINE__); \
      |         ^~~~~~
tests/test_parser_bug.cpp:20:5: note: in expansion of macro ‘ASSERT_TRUE’
   20 |     ASSERT_TRUE(node != NULL);
      |     ^~~~~~~~~~~
tests/test_parser_bug.cpp:7:1: note: ‘printf’ is defined in header ‘<cstdio>’; did you forget to ‘#include <cstdio>’?
    6 | #include <cstring>
  +++ |+#include <cstdio>
    7 |
src/include/test_framework.hpp:27:9: error: ‘printf’ was not declared in this scope
   27 |         printf("FAIL: %s at %s:%d\n", #condition, __FILE__, __LINE__); \
      |         ^~~~~~
tests/test_parser_bug.cpp:23:5: note: in expansion of macro ‘ASSERT_TRUE’
   23 |     ASSERT_TRUE(initializer != NULL);
      |     ^~~~~~~~~~~
src/include/test_framework.hpp:27:9: note: ‘printf’ is defined in header ‘<cstdio>’; did you forget to ‘#include <cstdio>’?
   27 |         printf("FAIL: %s at %s:%d\n", #condition, __FILE__, __LINE__); \
      |         ^~~~~~
tests/test_parser_bug.cpp:23:5: note: in expansion of macro ‘ASSERT_TRUE’
   23 |     ASSERT_TRUE(initializer != NULL);
      |     ^~~~~~~~~~~
src/include/test_framework.hpp:27:9: error: ‘printf’ was not declared in this scope
   27 |         printf("FAIL: %s at %s:%d\n", #condition, __FILE__, __LINE__); \
      |         ^~~~~~
tests/test_parser_bug.cpp:27:5: note: in expansion of macro ‘ASSERT_TRUE’
   27 |     ASSERT_TRUE(initializer->type == NODE_BINARY_OP);
      |     ^~~~~~~~~~~
src/include/test_framework.hpp:27:9: note: ‘printf’ is defined in header ‘<cstdio>’; did you forget to ‘#include <cstdio>’?
   27 |         printf("FAIL: %s at %s:%d\n", #condition, __FILE__, __LINE__); \
      |         ^~~~~~
tests/test_parser_bug.cpp:27:5: note: in expansion of macro ‘ASSERT_TRUE’
   27 |     ASSERT_TRUE(initializer->type == NODE_BINARY_OP);
      |     ^~~~~~~~~~~
src/include/test_framework.hpp:27:9: error: ‘printf’ was not declared in this scope
   27 |         printf("FAIL: %s at %s:%d\n", #condition, __FILE__, __LINE__); \
      |         ^~~~~~
tests/test_parser_bug.cpp:30:5: note: in expansion of macro ‘ASSERT_TRUE’
   30 |     ASSERT_TRUE(bin_op->op == TOKEN_AND);
      |     ^~~~~~~~~~~
src/include/test_framework.hpp:27:9: note: ‘printf’ is defined in header ‘<cstdio>’; did you forget to ‘#include <cstdio>’?
   27 |         printf("FAIL: %s at %s:%d\n", #condition, __FILE__, __LINE__); \
      |         ^~~~~~
tests/test_parser_bug.cpp:30:5: note: in expansion of macro ‘ASSERT_TRUE’
   30 |     ASSERT_TRUE(bin_op->op == TOKEN_AND);
      |     ^~~~~~~~~~~
tests/test_parser_bug.cpp: In function ‘bool test_ParserBug_TopLevelStruct()’:
src/include/test_framework.hpp:27:9: error: ‘printf’ was not declared in this scope
   27 |         printf("FAIL: %s at %s:%d\n", #condition, __FILE__, __LINE__); \
      |         ^~~~~~
tests/test_parser_bug.cpp:45:5: note: in expansion of macro ‘ASSERT_TRUE’
   45 |     ASSERT_TRUE(node != NULL);
      |     ^~~~~~~~~~~
src/include/test_framework.hpp:27:9: note: ‘printf’ is defined in header ‘<cstdio>’; did you forget to ‘#include <cstdio>’?
   27 |         printf("FAIL: %s at %s:%d\n", #condition, __FILE__, __LINE__); \
      |         ^~~~~~
tests/test_parser_bug.cpp:45:5: note: in expansion of macro ‘ASSERT_TRUE’
   45 |     ASSERT_TRUE(node != NULL);
      |     ^~~~~~~~~~~
src/include/test_framework.hpp:27:9: error: ‘printf’ was not declared in this scope
   27 |         printf("FAIL: %s at %s:%d\n", #condition, __FILE__, __LINE__); \
      |         ^~~~~~
tests/test_parser_bug.cpp:46:5: note: in expansion of macro ‘ASSERT_TRUE’
   46 |     ASSERT_TRUE(node->type == NODE_BLOCK_STMT);
      |     ^~~~~~~~~~~
src/include/test_framework.hpp:27:9: note: ‘printf’ is defined in header ‘<cstdio>’; did you forget to ‘#include <cstdio>’?
   27 |         printf("FAIL: %s at %s:%d\n", #condition, __FILE__, __LINE__); \
      |         ^~~~~~
tests/test_parser_bug.cpp:46:5: note: in expansion of macro ‘ASSERT_TRUE’
   46 |     ASSERT_TRUE(node->type == NODE_BLOCK_STMT);
      |     ^~~~~~~~~~~
src/include/test_framework.hpp:27:9: error: ‘printf’ was not declared in this scope
   27 |         printf("FAIL: %s at %s:%d\n", #condition, __FILE__, __LINE__); \
      |         ^~~~~~
tests/test_parser_bug.cpp:49:5: note: in expansion of macro ‘ASSERT_TRUE’
   49 |     ASSERT_TRUE(block->statements->length() == 1);
      |     ^~~~~~~~~~~
src/include/test_framework.hpp:27:9: note: ‘printf’ is defined in header ‘<cstdio>’; did you forget to ‘#include <cstdio>’?
   27 |         printf("FAIL: %s at %s:%d\n", #condition, __FILE__, __LINE__); \
      |         ^~~~~~
tests/test_parser_bug.cpp:49:5: note: in expansion of macro ‘ASSERT_TRUE’
   49 |     ASSERT_TRUE(block->statements->length() == 1);
      |     ^~~~~~~~~~~
src/include/test_framework.hpp:27:9: error: ‘printf’ was not declared in this scope
   27 |         printf("FAIL: %s at %s:%d\n", #condition, __FILE__, __LINE__); \
      |         ^~~~~~
tests/test_parser_bug.cpp:52:5: note: in expansion of macro ‘ASSERT_TRUE’
   52 |     ASSERT_TRUE(struct_node != NULL);
      |     ^~~~~~~~~~~
src/include/test_framework.hpp:27:9: note: ‘printf’ is defined in header ‘<cstdio>’; did you forget to ‘#include <cstdio>’?
   27 |         printf("FAIL: %s at %s:%d\n", #condition, __FILE__, __LINE__); \
      |         ^~~~~~
tests/test_parser_bug.cpp:52:5: note: in expansion of macro ‘ASSERT_TRUE’
   52 |     ASSERT_TRUE(struct_node != NULL);
      |     ^~~~~~~~~~~
src/include/test_framework.hpp:27:9: error: ‘printf’ was not declared in this scope
   27 |         printf("FAIL: %s at %s:%d\n", #condition, __FILE__, __LINE__); \
      |         ^~~~~~
tests/test_parser_bug.cpp:53:5: note: in expansion of macro ‘ASSERT_TRUE’
   53 |     ASSERT_TRUE(struct_node->type == NODE_STRUCT_DECL);
      |     ^~~~~~~~~~~
src/include/test_framework.hpp:27:9: note: ‘printf’ is defined in header ‘<cstdio>’; did you forget to ‘#include <cstdio>’?
   27 |         printf("FAIL: %s at %s:%d\n", #condition, __FILE__, __LINE__); \
      |         ^~~~~~
tests/test_parser_bug.cpp:53:5: note: in expansion of macro ‘ASSERT_TRUE’
   53 |     ASSERT_TRUE(struct_node->type == NODE_STRUCT_DECL);
      |     ^~~~~~~~~~~
tests/test_parser_bug.cpp: In function ‘bool test_ParserBug_UnionFieldNodeType()’:
src/include/test_framework.hpp:27:9: error: ‘printf’ was not declared in this scope
   27 |         printf("FAIL: %s at %s:%d\n", #condition, __FILE__, __LINE__); \
      |         ^~~~~~
tests/test_parser_bug.cpp:71:5: note: in expansion of macro ‘ASSERT_TRUE’
   71 |     ASSERT_TRUE(union_decl->fields->length() == 1);
      |     ^~~~~~~~~~~
src/include/test_framework.hpp:27:9: note: ‘printf’ is defined in header ‘<cstdio>’; did you forget to ‘#include <cstdio>’?
   27 |         printf("FAIL: %s at %s:%d\n", #condition, __FILE__, __LINE__); \
      |         ^~~~~~
tests/test_parser_bug.cpp:71:5: note: in expansion of macro ‘ASSERT_TRUE’
   71 |     ASSERT_TRUE(union_decl->fields->length() == 1);
      |     ^~~~~~~~~~~
src/include/test_framework.hpp:27:9: error: ‘printf’ was not declared in this scope
   27 |         printf("FAIL: %s at %s:%d\n", #condition, __FILE__, __LINE__); \
      |         ^~~~~~
tests/test_parser_bug.cpp:73:5: note: in expansion of macro ‘ASSERT_TRUE’
   73 |     ASSERT_TRUE(field_node->type == NODE_STRUCT_FIELD);
      |     ^~~~~~~~~~~
src/include/test_framework.hpp:27:9: note: ‘printf’ is defined in header ‘<cstdio>’; did you forget to ‘#include <cstdio>’?
   27 |         printf("FAIL: %s at %s:%d\n", #condition, __FILE__, __LINE__); \
      |         ^~~~~~
tests/test_parser_bug.cpp:73:5: note: in expansion of macro ‘ASSERT_TRUE’
   73 |     ASSERT_TRUE(field_node->type == NODE_STRUCT_FIELD);
      |     ^~~~~~~~~~~
tests/test_parser_bug.cpp: In function ‘bool test_ParserBug_TopLevelUnion()’:
src/include/test_framework.hpp:27:9: error: ‘printf’ was not declared in this scope
   27 |         printf("FAIL: %s at %s:%d\n", #condition, __FILE__, __LINE__); \
      |         ^~~~~~
tests/test_parser_bug.cpp:88:5: note: in expansion of macro ‘ASSERT_TRUE’
   88 |     ASSERT_TRUE(node != NULL);
      |     ^~~~~~~~~~~
src/include/test_framework.hpp:27:9: note: ‘printf’ is defined in header ‘<cstdio>’; did you forget to ‘#include <cstdio>’?
   27 |         printf("FAIL: %s at %s:%d\n", #condition, __FILE__, __LINE__); \
      |         ^~~~~~
tests/test_parser_bug.cpp:88:5: note: in expansion of macro ‘ASSERT_TRUE’
   88 |     ASSERT_TRUE(node != NULL);
      |     ^~~~~~~~~~~
src/include/test_framework.hpp:27:9: error: ‘printf’ was not declared in this scope
   27 |         printf("FAIL: %s at %s:%d\n", #condition, __FILE__, __LINE__); \
      |         ^~~~~~
tests/test_parser_bug.cpp:89:5: note: in expansion of macro ‘ASSERT_TRUE’
   89 |     ASSERT_TRUE(node->type == NODE_BLOCK_STMT);
      |     ^~~~~~~~~~~
src/include/test_framework.hpp:27:9: note: ‘printf’ is defined in header ‘<cstdio>’; did you forget to ‘#include <cstdio>’?
   27 |         printf("FAIL: %s at %s:%d\n", #condition, __FILE__, __LINE__); \
      |         ^~~~~~
tests/test_parser_bug.cpp:89:5: note: in expansion of macro ‘ASSERT_TRUE’
   89 |     ASSERT_TRUE(node->type == NODE_BLOCK_STMT);
      |     ^~~~~~~~~~~
src/include/test_framework.hpp:27:9: error: ‘printf’ was not declared in this scope
   27 |         printf("FAIL: %s at %s:%d\n", #condition, __FILE__, __LINE__); \
      |         ^~~~~~
tests/test_parser_bug.cpp:92:5: note: in expansion of macro ‘ASSERT_TRUE’
   92 |     ASSERT_TRUE(block->statements->length() == 1);
      |     ^~~~~~~~~~~
src/include/test_framework.hpp:27:9: note: ‘printf’ is defined in header ‘<cstdio>’; did you forget to ‘#include <cstdio>’?
   27 |         printf("FAIL: %s at %s:%d\n", #condition, __FILE__, __LINE__); \
      |         ^~~~~~
tests/test_parser_bug.cpp:92:5: note: in expansion of macro ‘ASSERT_TRUE’
   92 |     ASSERT_TRUE(block->statements->length() == 1);
      |     ^~~~~~~~~~~
src/include/test_framework.hpp:27:9: error: ‘printf’ was not declared in this scope
   27 |         printf("FAIL: %s at %s:%d\n", #condition, __FILE__, __LINE__); \
      |         ^~~~~~
tests/test_parser_bug.cpp:95:5: note: in expansion of macro ‘ASSERT_TRUE’
   95 |     ASSERT_TRUE(union_node != NULL);
      |     ^~~~~~~~~~~
src/include/test_framework.hpp:27:9: note: ‘printf’ is defined in header ‘<cstdio>’; did you forget to ‘#include <cstdio>’?
   27 |         printf("FAIL: %s at %s:%d\n", #condition, __FILE__, __LINE__); \
      |         ^~~~~~
tests/test_parser_bug.cpp:95:5: note: in expansion of macro ‘ASSERT_TRUE’
   95 |     ASSERT_TRUE(union_node != NULL);
      |     ^~~~~~~~~~~
src/include/test_framework.hpp:27:9: error: ‘printf’ was not declared in this scope
   27 |         printf("FAIL: %s at %s:%d\n", #condition, __FILE__, __LINE__); \
      |         ^~~~~~
tests/test_parser_bug.cpp:96:5: note: in expansion of macro ‘ASSERT_TRUE’
   96 |     ASSERT_TRUE(union_node->type == NODE_UNION_DECL);
      |     ^~~~~~~~~~~
src/include/test_framework.hpp:27:9: note: ‘printf’ is defined in header ‘<cstdio>’; did you forget to ‘#include <cstdio>’?
   27 |         printf("FAIL: %s at %s:%d\n", #condition, __FILE__, __LINE__); \
      |         ^~~~~~
tests/test_parser_bug.cpp:96:5: note: in expansion of macro ‘ASSERT_TRUE’
   96 |     ASSERT_TRUE(union_node->type == NODE_UNION_DECL);
      |     ^~~~~~~~~~~
In file included from /usr/include/features.h:502,
                 from /usr/include/x86_64-linux-gnu/bits/libc-header-start.h:33,
                 from /usr/include/stdint.h:26,
                 from /usr/lib/gcc/x86_64-linux-gnu/13/include/stdint.h:9,
                 from tests/../src/include/common.hpp:35,
                 from tests/../src/include/source_manager.hpp:4,
                 from tests/test_source_manager.cpp:1:
/usr/include/stdio.h:30:1: error: expected unqualified-id before string constant
   30 | __BEGIN_DECLS
      | ^~~~~~~~~~~~~
In file included from tests/../src/include/memory.hpp:61,
                 from tests/../src/include/source_manager.hpp:5:
/usr/include/c++/13/cstdio:96:1: error: expected unqualified-id before ‘namespace’
   96 | namespace std
      | ^~~~~~~~~
/usr/include/c++/13/cstdio:157:1: error: expected unqualified-id before ‘namespace’
  157 | namespace __gnu_cxx
      | ^~~~~~~~~
/usr/include/c++/13/cstdio:183:1: error: expected unqualified-id before ‘namespace’
  183 | namespace std
      | ^~~~~~~~~
tests/../src/include/memory.hpp: In member function ‘void* ArenaAllocator::alloc_aligned(size_t, size_t)’:
tests/../src/include/memory.hpp:63:9: error: ‘printf’ was not declared in this scope
   63 |         printf("Allocating %zu bytes with alignment %zu\\n", size, align);
      |         ^~~~~~
tests/../src/include/memory.hpp:62:1: note: ‘printf’ is defined in header ‘<cstdio>’; did you forget to ‘#include <cstdio>’?
   61 | #include <cstdio> // For printf debugging
  +++ |+#include <cstdio>
   62 |     void* alloc_aligned(size_t size, size_t align) {
tests/test_source_manager.cpp: In function ‘void test_source_manager_add_file()’:
tests/test_source_manager.cpp:11:5: error: ‘printf’ was not declared in this scope
   11 |     printf("test_source_manager_add_file: PASS\n");
      |     ^~~~~~
tests/test_source_manager.cpp:4:1: note: ‘printf’ is defined in header ‘<cstdio>’; did you forget to ‘#include <cstdio>’?
    3 | #include <cassert>
  +++ |+#include <cstdio>
    4 |
tests/test_source_manager.cpp: In function ‘void test_source_manager_get_location()’:
tests/test_source_manager.cpp:32:5: error: ‘printf’ was not declared in this scope
   32 |     printf("test_source_manager_get_location: PASS\n");
      |     ^~~~~~
tests/test_source_manager.cpp:32:5: note: ‘printf’ is defined in header ‘<cstdio>’; did you forget to ‘#include <cstdio>’?
In file included from /usr/include/features.h:502,
                 from /usr/include/x86_64-linux-gnu/bits/libc-header-start.h:33,
                 from /usr/include/stdint.h:26,
                 from /usr/lib/gcc/x86_64-linux-gnu/13/include/stdint.h:9,
                 from src/include/common.hpp:35,
                 from src/include/lexer.hpp:4,
                 from src/include/parser.hpp:4,
                 from tests/test_utils.hpp:4,
                 from tests/test_utils.cpp:1:
/usr/include/stdio.h:30:1: error: expected unqualified-id before string constant
   30 | __BEGIN_DECLS
      | ^~~~~~~~~~~~~
In file included from src/include/memory.hpp:61,
                 from src/include/source_manager.hpp:5,
                 from src/include/lexer.hpp:5:
/usr/include/c++/13/cstdio:96:1: error: expected unqualified-id before ‘namespace’
   96 | namespace std
      | ^~~~~~~~~
/usr/include/c++/13/cstdio:157:1: error: expected unqualified-id before ‘namespace’
  157 | namespace __gnu_cxx
      | ^~~~~~~~~
/usr/include/c++/13/cstdio:183:1: error: expected unqualified-id before ‘namespace’
  183 | namespace std
      | ^~~~~~~~~
src/include/memory.hpp: In member function ‘void* ArenaAllocator::alloc_aligned(size_t, size_t)’:
src/include/memory.hpp:63:9: error: ‘printf’ was not declared in this scope
   63 |         printf("Allocating %zu bytes with alignment %zu\\n", size, align);
      |         ^~~~~~
src/include/memory.hpp:62:1: note: ‘printf’ is defined in header ‘<cstdio>’; did you forget to ‘#include <cstdio>’?
   61 | #include <cstdio> // For printf debugging
  +++ |+#include <cstdio>
   62 |     void* alloc_aligned(size_t size, size_t align) {
Compilation failed!
